[15-Nov-2024 18:23:36 UTC] PHP Warning:  DOMXPath::query(): Invalid expression in /var/www/html/newsletter/src/HtmlCleaner.php on line 84
[15-Nov-2024 18:23:36 UTC] PHP Warning:  Invalid argument supplied for foreach() in /var/www/html/newsletter/src/HtmlCleaner.php on line 85
[15-Nov-2024 18:23:36 UTC] PHP Warning:  DOMXPath::query(): Invalid expression in /var/www/html/newsletter/src/HtmlCleaner.php on line 84
[15-Nov-2024 18:23:36 UTC] PHP Warning:  Invalid argument supplied for foreach() in /var/www/html/newsletter/src/HtmlCleaner.php on line 85
[15-Nov-2024 18:23:41 UTC] PHP Warning:  DOMXPath::query(): Invalid expression in /var/www/html/newsletter/src/HtmlCleaner.php on line 84
[15-Nov-2024 18:23:41 UTC] PHP Warning:  Invalid argument supplied for foreach() in /var/www/html/newsletter/src/HtmlCleaner.php on line 85
[15-Nov-2024 18:23:41 UTC] PHP Warning:  DOMXPath::query(): Invalid expression in /var/www/html/newsletter/src/HtmlCleaner.php on line 84
[15-Nov-2024 18:23:41 UTC] PHP Warning:  Invalid argument supplied for foreach() in /var/www/html/newsletter/src/HtmlCleaner.php on line 85
[15-Nov-2024 18:29:41 UTC] PHP Warning:  DOMXPath::query(): Invalid expression in /var/www/html/newsletter/src/HtmlCleaner.php on line 84
[15-Nov-2024 18:29:41 UTC] PHP Warning:  Invalid argument supplied for foreach() in /var/www/html/newsletter/src/HtmlCleaner.php on line 85
[15-Nov-2024 18:29:41 UTC] PHP Warning:  DOMXPath::query(): Invalid expression in /var/www/html/newsletter/src/HtmlCleaner.php on line 84
[15-Nov-2024 18:29:41 UTC] PHP Warning:  Invalid argument supplied for foreach() in /var/www/html/newsletter/src/HtmlCleaner.php on line 85
[15-Nov-2024 18:30:43 UTC] PHP Warning:  DOMXPath::query(): Invalid expression in /var/www/html/newsletter/src/HtmlCleaner.php on line 84
[15-Nov-2024 18:30:43 UTC] PHP Warning:  Invalid argument supplied for foreach() in /var/www/html/newsletter/src/HtmlCleaner.php on line 85
[15-Nov-2024 18:30:43 UTC] PHP Warning:  DOMXPath::query(): Invalid expression in /var/www/html/newsletter/src/HtmlCleaner.php on line 84
[15-Nov-2024 18:30:43 UTC] PHP Warning:  Invalid argument supplied for foreach() in /var/www/html/newsletter/src/HtmlCleaner.php on line 85
[15-Nov-2024 18:30:44 UTC] PHP Warning:  DOMXPath::query(): Invalid expression in /var/www/html/newsletter/src/HtmlCleaner.php on line 84
[15-Nov-2024 18:30:44 UTC] PHP Warning:  Invalid argument supplied for foreach() in /var/www/html/newsletter/src/HtmlCleaner.php on line 85
[15-Nov-2024 18:30:44 UTC] PHP Warning:  DOMXPath::query(): Invalid expression in /var/www/html/newsletter/src/HtmlCleaner.php on line 84
[15-Nov-2024 18:30:44 UTC] PHP Warning:  Invalid argument supplied for foreach() in /var/www/html/newsletter/src/HtmlCleaner.php on line 85
[15-Nov-2024 18:30:45 UTC] PHP Warning:  DOMXPath::query(): Invalid expression in /var/www/html/newsletter/src/HtmlCleaner.php on line 84
[15-Nov-2024 18:30:45 UTC] PHP Warning:  Invalid argument supplied for foreach() in /var/www/html/newsletter/src/HtmlCleaner.php on line 85
[15-Nov-2024 18:30:45 UTC] PHP Warning:  DOMXPath::query(): Invalid expression in /var/www/html/newsletter/src/HtmlCleaner.php on line 84
[15-Nov-2024 18:30:45 UTC] PHP Warning:  Invalid argument supplied for foreach() in /var/www/html/newsletter/src/HtmlCleaner.php on line 85
[15-Nov-2024 18:31:36 UTC] PHP Warning:  DOMXPath::query(): Invalid expression in /var/www/html/newsletter/src/HtmlCleaner.php on line 84
[15-Nov-2024 18:31:36 UTC] PHP Warning:  Invalid argument supplied for foreach() in /var/www/html/newsletter/src/HtmlCleaner.php on line 85
[15-Nov-2024 18:31:36 UTC] PHP Warning:  DOMXPath::query(): Invalid expression in /var/www/html/newsletter/src/HtmlCleaner.php on line 84
[15-Nov-2024 18:31:36 UTC] PHP Warning:  Invalid argument supplied for foreach() in /var/www/html/newsletter/src/HtmlCleaner.php on line 85
[15-Nov-2024 18:31:37 UTC] PHP Warning:  DOMXPath::query(): Invalid expression in /var/www/html/newsletter/src/HtmlCleaner.php on line 84
[15-Nov-2024 18:31:37 UTC] PHP Warning:  Invalid argument supplied for foreach() in /var/www/html/newsletter/src/HtmlCleaner.php on line 85
[15-Nov-2024 18:31:37 UTC] PHP Warning:  DOMXPath::query(): Invalid expression in /var/www/html/newsletter/src/HtmlCleaner.php on line 84
[15-Nov-2024 18:31:37 UTC] PHP Warning:  Invalid argument supplied for foreach() in /var/www/html/newsletter/src/HtmlCleaner.php on line 85
[15-Nov-2024 18:31:37 UTC] PHP Warning:  DOMXPath::query(): Invalid expression in /var/www/html/newsletter/src/HtmlCleaner.php on line 84
[15-Nov-2024 18:31:37 UTC] PHP Warning:  Invalid argument supplied for foreach() in /var/www/html/newsletter/src/HtmlCleaner.php on line 85
[15-Nov-2024 18:31:37 UTC] PHP Warning:  DOMXPath::query(): Invalid expression in /var/www/html/newsletter/src/HtmlCleaner.php on line 84
[15-Nov-2024 18:31:37 UTC] PHP Warning:  Invalid argument supplied for foreach() in /var/www/html/newsletter/src/HtmlCleaner.php on line 85
[15-Nov-2024 18:31:45 UTC] PHP Warning:  DOMXPath::query(): Invalid expression in /var/www/html/newsletter/src/HtmlCleaner.php on line 84
[15-Nov-2024 18:31:45 UTC] PHP Warning:  Invalid argument supplied for foreach() in /var/www/html/newsletter/src/HtmlCleaner.php on line 85
[15-Nov-2024 18:31:45 UTC] PHP Warning:  DOMXPath::query(): Invalid expression in /var/www/html/newsletter/src/HtmlCleaner.php on line 84
[15-Nov-2024 18:31:45 UTC] PHP Warning:  Invalid argument supplied for foreach() in /var/www/html/newsletter/src/HtmlCleaner.php on line 85
[15-Nov-2024 18:32:18 UTC] PHP Warning:  DOMXPath::query(): Invalid expression in /var/www/html/newsletter/src/HtmlCleaner.php on line 84
[15-Nov-2024 18:32:18 UTC] PHP Warning:  Invalid argument supplied for foreach() in /var/www/html/newsletter/src/HtmlCleaner.php on line 85
[15-Nov-2024 18:32:18 UTC] PHP Warning:  DOMXPath::query(): Invalid expression in /var/www/html/newsletter/src/HtmlCleaner.php on line 84
[15-Nov-2024 18:32:18 UTC] PHP Warning:  Invalid argument supplied for foreach() in /var/www/html/newsletter/src/HtmlCleaner.php on line 85
[15-Nov-2024 18:32:19 UTC] PHP Warning:  DOMXPath::query(): Invalid expression in /var/www/html/newsletter/src/HtmlCleaner.php on line 84
[15-Nov-2024 18:32:19 UTC] PHP Warning:  Invalid argument supplied for foreach() in /var/www/html/newsletter/src/HtmlCleaner.php on line 85
[15-Nov-2024 18:32:19 UTC] PHP Warning:  DOMXPath::query(): Invalid expression in /var/www/html/newsletter/src/HtmlCleaner.php on line 84
[15-Nov-2024 18:32:19 UTC] PHP Warning:  Invalid argument supplied for foreach() in /var/www/html/newsletter/src/HtmlCleaner.php on line 85
[15-Nov-2024 18:32:20 UTC] PHP Warning:  DOMXPath::query(): Invalid expression in /var/www/html/newsletter/src/HtmlCleaner.php on line 84
[15-Nov-2024 18:32:20 UTC] PHP Warning:  Invalid argument supplied for foreach() in /var/www/html/newsletter/src/HtmlCleaner.php on line 85
[15-Nov-2024 18:32:20 UTC] PHP Warning:  DOMXPath::query(): Invalid expression in /var/www/html/newsletter/src/HtmlCleaner.php on line 84
[15-Nov-2024 18:32:20 UTC] PHP Warning:  Invalid argument supplied for foreach() in /var/www/html/newsletter/src/HtmlCleaner.php on line 85
[15-Nov-2024 18:32:23 UTC] PHP Warning:  DOMXPath::query(): Invalid expression in /var/www/html/newsletter/src/HtmlCleaner.php on line 84
[15-Nov-2024 18:32:23 UTC] PHP Warning:  Invalid argument supplied for foreach() in /var/www/html/newsletter/src/HtmlCleaner.php on line 85
[15-Nov-2024 18:32:23 UTC] PHP Warning:  DOMXPath::query(): Invalid expression in /var/www/html/newsletter/src/HtmlCleaner.php on line 84
[15-Nov-2024 18:32:23 UTC] PHP Warning:  Invalid argument supplied for foreach() in /var/www/html/newsletter/src/HtmlCleaner.php on line 85
[15-Nov-2024 18:32:54 UTC] PHP Warning:  DOMXPath::query(): Invalid expression in /var/www/html/newsletter/src/HtmlCleaner.php on line 84
[15-Nov-2024 18:32:54 UTC] PHP Warning:  Invalid argument supplied for foreach() in /var/www/html/newsletter/src/HtmlCleaner.php on line 85
[15-Nov-2024 18:32:54 UTC] PHP Warning:  DOMXPath::query(): Invalid expression in /var/www/html/newsletter/src/HtmlCleaner.php on line 84
[15-Nov-2024 18:32:54 UTC] PHP Warning:  Invalid argument supplied for foreach() in /var/www/html/newsletter/src/HtmlCleaner.php on line 85
[15-Nov-2024 18:32:55 UTC] PHP Warning:  DOMXPath::query(): Invalid expression in /var/www/html/newsletter/src/HtmlCleaner.php on line 84
[15-Nov-2024 18:32:55 UTC] PHP Warning:  Invalid argument supplied for foreach() in /var/www/html/newsletter/src/HtmlCleaner.php on line 85
[15-Nov-2024 18:32:55 UTC] PHP Warning:  DOMXPath::query(): Invalid expression in /var/www/html/newsletter/src/HtmlCleaner.php on line 84
[15-Nov-2024 18:32:55 UTC] PHP Warning:  Invalid argument supplied for foreach() in /var/www/html/newsletter/src/HtmlCleaner.php on line 85
[15-Nov-2024 18:33:17 UTC] PHP Warning:  DOMXPath::query(): Invalid expression in /var/www/html/newsletter/src/HtmlCleaner.php on line 84
[15-Nov-2024 18:33:17 UTC] PHP Warning:  Invalid argument supplied for foreach() in /var/www/html/newsletter/src/HtmlCleaner.php on line 85
[15-Nov-2024 18:33:17 UTC] PHP Warning:  DOMXPath::query(): Invalid expression in /var/www/html/newsletter/src/HtmlCleaner.php on line 84
[15-Nov-2024 18:33:17 UTC] PHP Warning:  Invalid argument supplied for foreach() in /var/www/html/newsletter/src/HtmlCleaner.php on line 85
[15-Nov-2024 18:33:25 UTC] PHP Warning:  DOMXPath::query(): Invalid expression in /var/www/html/newsletter/src/HtmlCleaner.php on line 84
[15-Nov-2024 18:33:25 UTC] PHP Warning:  Invalid argument supplied for foreach() in /var/www/html/newsletter/src/HtmlCleaner.php on line 85
[15-Nov-2024 18:33:25 UTC] PHP Warning:  DOMXPath::query(): Invalid expression in /var/www/html/newsletter/src/HtmlCleaner.php on line 84
[15-Nov-2024 18:33:25 UTC] PHP Warning:  Invalid argument supplied for foreach() in /var/www/html/newsletter/src/HtmlCleaner.php on line 85
[15-Nov-2024 18:35:38 UTC] PHP Parse error:  syntax error, unexpected ':', expecting ']' in /var/www/html/newsletter/config/tinymce.php on line 19
[15-Nov-2024 18:35:54 UTC] PHP Parse error:  syntax error, unexpected ',', expecting variable (T_VARIABLE) in /var/www/html/newsletter/config/tinymce.php on line 19
[15-Nov-2024 18:35:55 UTC] PHP Parse error:  syntax error, unexpected ',', expecting variable (T_VARIABLE) in /var/www/html/newsletter/config/tinymce.php on line 19
[15-Nov-2024 18:36:52 UTC] PHP Fatal error:  Maximum execution time of 30 seconds exceeded in /var/www/html/newsletter/src/HtmlCleaner.php on line 58
[15-Nov-2024 18:37:01 UTC] PHP Fatal error:  Maximum execution time of 30 seconds exceeded in /var/www/html/newsletter/src/HtmlCleaner.php on line 58
[15-Nov-2024 18:37:07 UTC] PHP Fatal error:  Maximum execution time of 30 seconds exceeded in /var/www/html/newsletter/src/HtmlCleaner.php on line 57
[15-Nov-2024 18:37:09 UTC] PHP Fatal error:  Maximum execution time of 30 seconds exceeded in /var/www/html/newsletter/src/HtmlCleaner.php on line 57
[15-Nov-2024 18:37:14 UTC] PHP Fatal error:  Maximum execution time of 30 seconds exceeded in /var/www/html/newsletter/src/HtmlCleaner.php on line 58
[15-Nov-2024 18:37:22 UTC] PHP Fatal error:  Maximum execution time of 30 seconds exceeded in /var/www/html/newsletter/src/HtmlCleaner.php on line 58
[15-Nov-2024 18:37:31 UTC] PHP Fatal error:  Maximum execution time of 30 seconds exceeded in /var/www/html/newsletter/src/HtmlCleaner.php on line 58
[15-Nov-2024 18:37:42 UTC] PHP Fatal error:  Maximum execution time of 30 seconds exceeded in /var/www/html/newsletter/src/HtmlCleaner.php on line 58
[15-Nov-2024 18:39:16 UTC] PHP Fatal error:  Maximum execution time of 30 seconds exceeded in /var/www/html/newsletter/src/HtmlCleaner.php on line 57
[15-Nov-2024 18:39:29 UTC] PHP Fatal error:  Maximum execution time of 30 seconds exceeded in /var/www/html/newsletter/src/HtmlCleaner.php on line 53
[15-Nov-2024 18:40:22 UTC] PHP Fatal error:  Maximum execution time of 120 seconds exceeded in /var/www/html/newsletter/src/HtmlCleaner.php on line 68
[15-Nov-2024 18:40:57 UTC] PHP Parse error:  syntax error, unexpected ''valid_children'' (T_CONSTANT_ENCAPSED_STRING), expecting ']' in /var/www/html/newsletter/config/tinymce.php on line 28
[15-Nov-2024 18:41:57 UTC] PHP Fatal error:  Maximum execution time of 120 seconds exceeded in /var/www/html/newsletter/src/HtmlCleaner.php on line 68
[15-Nov-2024 18:42:10 UTC] PHP Parse error:  syntax error, unexpected ',', expecting variable (T_VARIABLE) in /var/www/html/newsletter/config/tinymce.php on line 19
[15-Nov-2024 18:42:17 UTC] PHP Parse error:  syntax error, unexpected ',', expecting variable (T_VARIABLE) in /var/www/html/newsletter/config/tinymce.php on line 19
[15-Nov-2024 18:44:22 UTC] PHP Fatal error:  Maximum execution time of 120 seconds exceeded in /var/www/html/newsletter/src/HtmlCleaner.php on line 68
